<?xml version="1.0" encoding="UTF-8"?>
<!-- Generated by org.testng.reporters.JUnitReportReporter -->
<testsuite hostname="sagar" failures="0" tests="1" name="googleaggregator.Tests" time="0.001" errors="0" timestamp="2025-03-02T17:26:52 IST" skipped="0">
  <testcase classname="googleaggregator.Tests" name="demo" time="0.001"/>
  <system-out/>
</testsuite> <!-- googleaggregator.Tests -->
