<?xml version="1.0" encoding="UTF-8"?>
<!-- Generated by org.testng.reporters.JUnitReportReporter -->
<testsuite hostname="sagar" failures="0" tests="1" name="parallel.TestClass01" time="57.515" errors="0" timestamp="2025-01-16T19:13:32 IST" skipped="0">
  <testcase classname="parallel.TestClass01" name="loginAndVerifyCockpitMetrics" time="57.515"/>
</testsuite> <!-- parallel.TestClass01 -->
