<?xml version="1.0" encoding="UTF-8"?>
<!-- Generated by org.testng.reporters.JUnitReportReporter -->
<testsuite hostname="sagar" failures="0" tests="1" name="parallel.TestClass02" time="31.742" errors="0" timestamp="2025-01-16T19:13:32 IST" skipped="0">
  <testcase classname="parallel.TestClass02" name="otherTestActions" time="31.742"/>
</testsuite> <!-- parallel.TestClass02 -->
